2025-09-14 08:48:14,752 [INFO] Activator:176 - 


2025-09-14 08:48:14,756 [INFO] Activator:177 - !SESSION log4j initialized
2025-09-14 08:48:16,533 [INFO] ApplicationProperties:184 - Using Application install path: /home/medved/st/stm32cubeide_1.19.0/plugins/com.st.stm32cube.common.mx_6.15.0.202507011659
2025-09-14 08:48:16,544 [INFO] DbMcusXml:78 - Set database path to: /home/medved/st/stm32cubeide_1.19.0/plugins/com.st.stm32cube.common.mx_6.15.0.202507011659//db//mcu/
2025-09-14 08:48:16,545 [INFO] ApiDb:274 - Set plugin database path to: /home/medved/st/stm32cubeide_1.19.0/plugins/com.st.stm32cube.common.mx_6.15.0.202507011659//db//plugins/boardmanager/
2025-09-14 08:48:16,545 [WARN] ApiDb:259 - Overriding images path with different value:  => /home/medved/st/stm32cubeide_1.19.0/plugins/com.st.stm32cube.common.mx_6.15.0.202507011659//db//plugins/mcufinder/images/
2025-09-14 08:48:16,548 [INFO] ApiDb:250 - Set database path to: /home/medved/.stmcufinder/plugins/mcufinder//mcu/
2025-09-14 08:48:16,549 [INFO] DbMcusAds:125 - Set database path to: /home/medved/.stmcufinder/plugins/mcufinder//mcu/
2025-09-14 08:48:16,561 [INFO] CrossReferenceDbSqlite:203 - Set database path to: /home/medved/.stmcufinder/plugins/mcufinder//mcu/cs/
2025-09-14 08:48:16,644 [INFO] RulesReader:64 - Compatibility file has been processed (317 Rules)
2025-09-14 08:48:16,702 [INFO] DbMcusXml:78 - Set database path to: /home/medved/st/stm32cubeide_1.19.0/plugins/com.st.stm32cube.common.mx_6.15.0.202507011659//db//mcu/
2025-09-14 08:48:16,702 [INFO] ApiDb:274 - Set plugin database path to: /home/medved/st/stm32cubeide_1.19.0/plugins/com.st.stm32cube.common.mx_6.15.0.202507011659//db//plugins/boardmanager/
2025-09-14 08:48:16,703 [INFO] ApiDb:261 - Set plugin images path to: /home/medved/st/stm32cubeide_1.19.0/plugins/com.st.stm32cube.common.mx_6.15.0.202507011659//db//plugins/mcufinder/images/
2025-09-14 08:48:16,703 [WARN] DbFile:41 - Overriding database path with different value: /home/medved/.stmcufinder/plugins/mcufinder/ => /home/medved/.stmcufinder/plugins/mcufinder
2025-09-14 08:48:16,703 [INFO] ApiDb:250 - Set database path to: /home/medved/.stmcufinder/plugins/mcufinder//mcu/
2025-09-14 08:48:16,703 [WARN] DbFile:41 - Overriding database path with different value: /home/medved/.stmcufinder/plugins/mcufinder/ => /home/medved/.stmcufinder/plugins/mcufinder
2025-09-14 08:48:16,703 [INFO] DbMcusAds:125 - Set database path to: /home/medved/.stmcufinder/plugins/mcufinder//mcu/
2025-09-14 08:48:16,703 [WARN] DbFile:41 - Overriding database path with different value: /home/medved/.stmcufinder/plugins/mcufinder/ => /home/medved/.stmcufinder/plugins/mcufinder
2025-09-14 08:48:16,703 [WARN] DbFile:41 - Overriding database path with different value: /home/medved/.stmcufinder/plugins/mcufinder/ => /home/medved/.stmcufinder/plugins/mcufinder
2025-09-14 08:48:16,703 [INFO] CrossReferenceDbSqlite:203 - Set database path to: /home/medved/.stmcufinder/plugins/mcufinder//mcu/cs/
2025-09-14 08:48:16,747 [INFO] MainPanel:274 - HeapMemory: 268435456
2025-09-14 08:48:16,828 [INFO] DbMcusXml:78 - Set database path to: /home/medved/st/stm32cubeide_1.19.0/plugins/com.st.stm32cube.common.mx_6.15.0.202507011659//db//mcu/
2025-09-14 08:48:16,828 [INFO] ApiDb:274 - Set plugin database path to: /home/medved/st/stm32cubeide_1.19.0/plugins/com.st.stm32cube.common.mx_6.15.0.202507011659//db//plugins/boardmanager/
2025-09-14 08:48:16,828 [INFO] ApiDb:261 - Set plugin images path to: /home/medved/st/stm32cubeide_1.19.0/plugins/com.st.stm32cube.common.mx_6.15.0.202507011659//db//plugins/mcufinder/images/
2025-09-14 08:48:16,829 [WARN] DbFile:41 - Overriding database path with different value: /home/medved/.stmcufinder/plugins/mcufinder/ => /home/medved/.stmcufinder/plugins/mcufinder
2025-09-14 08:48:16,829 [INFO] ApiDb:250 - Set database path to: /home/medved/.stmcufinder/plugins/mcufinder//mcu/
2025-09-14 08:48:16,829 [WARN] DbFile:41 - Overriding database path with different value: /home/medved/.stmcufinder/plugins/mcufinder/ => /home/medved/.stmcufinder/plugins/mcufinder
2025-09-14 08:48:16,829 [INFO] DbMcusAds:125 - Set database path to: /home/medved/.stmcufinder/plugins/mcufinder//mcu/
2025-09-14 08:48:16,829 [WARN] DbFile:41 - Overriding database path with different value: /home/medved/.stmcufinder/plugins/mcufinder/ => /home/medved/.stmcufinder/plugins/mcufinder
2025-09-14 08:48:16,829 [WARN] DbFile:41 - Overriding database path with different value: /home/medved/.stmcufinder/plugins/mcufinder/ => /home/medved/.stmcufinder/plugins/mcufinder
2025-09-14 08:48:16,829 [INFO] CrossReferenceDbSqlite:203 - Set database path to: /home/medved/.stmcufinder/plugins/mcufinder//mcu/cs/
2025-09-14 08:48:16,840 [INFO] ApplicationProperties:184 - Using Application install path: /home/medved/st/stm32cubeide_1.19.0/plugins/com.st.stm32cube.common.mx_6.15.0.202507011659
2025-09-14 08:48:16,841 [INFO] PluginManage:196 - Search for loadable plugins [exclusion list=, ]
2025-09-14 08:48:16,842 [INFO] PluginManage:310 - Check plugin analytics
2025-09-14 08:48:17,035 [INFO] AnalyticsPlugin:253 - Accepted Software Licenses: 
2025-09-14 08:48:17,035 [INFO] AnalyticsPlugin:255 - Accepted CMSIS Pack Licenses: 
2025-09-14 08:48:17,036 [INFO] AnalyticsPlugin:257 - Accepted Firmware Licenses: 
2025-09-14 08:48:17,038 [INFO] PluginManage:359 - Loaded plugin analytics (category:tool,tabindex:-1)
2025-09-14 08:48:17,038 [INFO] PluginManage:310 - Check plugin cadmodel
2025-09-14 08:48:17,041 [INFO] CADModel:105 - Init CAD model plugin
2025-09-14 08:48:17,041 [INFO] PluginManage:359 - Loaded plugin cadmodel (category:power,tabindex:5)
2025-09-14 08:48:17,042 [INFO] PluginManage:310 - Check plugin clock
2025-09-14 08:48:17,049 [INFO] PluginManage:359 - Loaded plugin clock (category:base,tabindex:2)
2025-09-14 08:48:17,049 [INFO] PluginManage:310 - Check plugin ddr
2025-09-14 08:48:17,050 [INFO] PluginManage:359 - Loaded plugin ddr (category:tool,tabindex:6)
2025-09-14 08:48:17,051 [INFO] PluginManage:310 - Check plugin filemanager
2025-09-14 08:48:17,165 [INFO] PluginManage:359 - Loaded plugin filemanager (category:base,tabindex:10)
2025-09-14 08:48:17,165 [INFO] PluginManage:310 - Check plugin ipmanager
2025-09-14 08:48:17,169 [INFO] PluginManage:359 - Loaded plugin ipmanager (category:base,tabindex:5)
2025-09-14 08:48:17,169 [INFO] PluginManage:310 - Check plugin lpbam
2025-09-14 08:48:17,176 [INFO] PluginManage:359 - Loaded plugin lpbam (category:base,tabindex:0)
2025-09-14 08:48:17,176 [INFO] PluginManage:310 - Check plugin memorymap
2025-09-14 08:48:17,184 [INFO] PluginManage:359 - Loaded plugin memorymap (category:base,tabindex:4)
2025-09-14 08:48:17,184 [INFO] PluginManage:310 - Check plugin pinoutandconfiguration
2025-09-14 08:48:17,191 [INFO] PluginManage:359 - Loaded plugin pinoutandconfiguration (category:base,tabindex:1)
2025-09-14 08:48:17,191 [INFO] PluginManage:310 - Check plugin pinoutconfig
2025-09-14 08:48:17,259 [WARN] SupportedApi:132 - Cannot load RTOS API schema: s4s-elt-must-match.1: The content of 'definitions' must match (annotation?, (simpleType | complexType)?, (unique | key | keyref)*)). A problem was found starting at: attribute.
2025-09-14 08:48:17,369 [INFO] PluginManage:359 - Loaded plugin pinoutconfig (category:base,tabindex:0)
2025-09-14 08:48:17,369 [INFO] PluginManage:310 - Check plugin power
2025-09-14 08:48:17,375 [INFO] PluginManage:359 - Loaded plugin power (category:power,tabindex:4)
2025-09-14 08:48:17,375 [INFO] PluginManage:310 - Check plugin projectmanager
2025-09-14 08:48:17,388 [INFO] PluginManage:359 - Loaded plugin projectmanager (category:projectmanager,tabindex:4)
2025-09-14 08:48:17,389 [INFO] PluginManage:310 - Check plugin rif
2025-09-14 08:48:17,394 [INFO] PluginManage:359 - Loaded plugin rif (category:base,tabindex:3)
2025-09-14 08:48:17,394 [INFO] PluginManage:310 - Check plugin thirdparty
2025-09-14 08:48:17,493 [INFO] PluginManage:359 - Loaded plugin thirdparty (category:base,tabindex:-1)
2025-09-14 08:48:17,493 [WARN] IntegrityCheckThread:84 - waiting for thirdparty lock release [integrity check]
2025-09-14 08:48:17,493 [INFO] PluginManage:310 - Check plugin tools
2025-09-14 08:48:17,493 [INFO] IntegrityCheckThread:86 - entering critical section [integrity check]
2025-09-14 08:48:17,494 [INFO] ThirdPartyUpdaterWithRetryManager:70 - Updater plugin not ready yet. [1/15]
2025-09-14 08:48:17,495 [INFO] PluginManage:359 - Loaded plugin tools (category:base,tabindex:7)
2025-09-14 08:48:17,495 [INFO] PluginManage:310 - Check plugin tutovideos
2025-09-14 08:48:17,722 [INFO] PluginManage:359 - Loaded plugin tutovideos (category:base,tabindex:-1)
2025-09-14 08:48:17,722 [INFO] PluginManage:310 - Check plugin updater
2025-09-14 08:48:17,747 [INFO] PluginManage:359 - Loaded plugin updater (category:base,tabindex:12)
2025-09-14 08:48:17,747 [INFO] PluginManage:310 - Check plugin userauth
2025-09-14 08:48:17,750 [INFO] UserAuth:118 - Init User Auth plugin
2025-09-14 08:48:17,751 [INFO] PluginManage:359 - Loaded plugin userauth (category:base,tabindex:14)
2025-09-14 08:48:17,751 [INFO] PluginManage:283 - PluginManage : Loaded plugins [18]
2025-09-14 08:48:17,905 [INFO] PinOutPanel:1589 - setPackage(No Configuration,No Configuration)
2025-09-14 08:48:17,959 [INFO] CADModel:165 - CPN selected for project level
2025-09-14 08:48:17,959 [INFO] CADModel:114 - Register for checkConnection events
2025-09-14 08:48:17,969 [INFO] IPUIPlugin:80 - create IPUIPlugin
2025-09-14 08:48:17,969 [INFO] PluginManager:220 - loadIPPluginJar : add mdma
2025-09-14 08:48:17,972 [INFO] IPUIPlugin:80 - create IPUIPlugin
2025-09-14 08:48:17,972 [INFO] PluginManager:220 - loadIPPluginJar : add tsc
2025-09-14 08:48:17,975 [INFO] IPUIPlugin:80 - create IPUIPlugin
2025-09-14 08:48:17,976 [INFO] PluginManager:220 - loadIPPluginJar : add ddr_ctrl_phy
2025-09-14 08:48:17,978 [INFO] IPUIPlugin:80 - create IPUIPlugin
2025-09-14 08:48:17,978 [INFO] PluginManager:220 - loadIPPluginJar : add i2c
2025-09-14 08:48:17,982 [INFO] IPUIPlugin:80 - create IPUIPlugin
2025-09-14 08:48:17,984 [INFO] PluginManager:220 - loadIPPluginJar : add plateformsettings
2025-09-14 08:48:17,986 [INFO] IPUIPlugin:80 - create IPUIPlugin
2025-09-14 08:48:17,986 [INFO] PluginManager:220 - loadIPPluginJar : add dfsdm
2025-09-14 08:48:17,990 [INFO] IPUIPlugin:80 - create IPUIPlugin
2025-09-14 08:48:17,991 [INFO] PluginManager:220 - loadIPPluginJar : add freertos
2025-09-14 08:48:17,992 [INFO] IPUIPlugin:80 - create IPUIPlugin
2025-09-14 08:48:17,995 [INFO] PluginManager:220 - loadIPPluginJar : add radio
2025-09-14 08:48:17,996 [INFO] IPUIPlugin:80 - create IPUIPlugin
2025-09-14 08:48:17,996 [INFO] PluginManager:220 - loadIPPluginJar : add ts
2025-09-14 08:48:17,998 [INFO] IPUIPlugin:80 - create IPUIPlugin
2025-09-14 08:48:17,998 [INFO] PluginManager:220 - loadIPPluginJar : add dma3
2025-09-14 08:48:18,000 [INFO] IPUIPlugin:80 - create IPUIPlugin
2025-09-14 08:48:18,000 [INFO] PluginManager:220 - loadIPPluginJar : add spi
2025-09-14 08:48:18,002 [INFO] IPUIPlugin:80 - create IPUIPlugin
2025-09-14 08:48:18,002 [INFO] PluginManager:220 - loadIPPluginJar : add cryp
2025-09-14 08:48:18,004 [INFO] IPUIPlugin:80 - create IPUIPlugin
2025-09-14 08:48:18,004 [INFO] PluginManager:220 - loadIPPluginJar : add i3c
2025-09-14 08:48:18,009 [INFO] IPUIPlugin:80 - create IPUIPlugin
2025-09-14 08:48:18,009 [INFO] PluginManager:220 - loadIPPluginJar : add gic
2025-09-14 08:48:18,013 [INFO] IPUIPlugin:80 - create IPUIPlugin
2025-09-14 08:48:18,014 [INFO] PluginManager:220 - loadIPPluginJar : add dma
2025-09-14 08:48:18,016 [INFO] IPUIPlugin:80 - create IPUIPlugin
2025-09-14 08:48:18,016 [INFO] PluginManager:220 - loadIPPluginJar : add gtzc
2025-09-14 08:48:18,017 [INFO] IPUIPlugin:80 - create IPUIPlugin
2025-09-14 08:48:18,018 [INFO] PluginManager:220 - loadIPPluginJar : add tim
2025-09-14 08:48:18,020 [INFO] IPUIPlugin:80 - create IPUIPlugin
2025-09-14 08:48:18,020 [INFO] PluginManager:220 - loadIPPluginJar : add pdm2pcm
2025-09-14 08:48:18,022 [INFO] IPUIPlugin:80 - create IPUIPlugin
2025-09-14 08:48:18,022 [INFO] PluginManager:220 - loadIPPluginJar : add can
2025-09-14 08:48:18,024 [INFO] IPUIPlugin:80 - create IPUIPlugin
2025-09-14 08:48:18,024 [INFO] PluginManager:220 - loadIPPluginJar : add i2s
2025-09-14 08:48:18,027 [INFO] IPUIPlugin:80 - create IPUIPlugin
2025-09-14 08:48:18,027 [INFO] PluginManager:220 - loadIPPluginJar : add openamp
2025-09-14 08:48:18,031 [INFO] IPUIPlugin:80 - create IPUIPlugin
2025-09-14 08:48:18,031 [INFO] PluginManager:220 - loadIPPluginJar : add resmgrutility
2025-09-14 08:48:18,034 [INFO] IPUIPlugin:80 - create IPUIPlugin
2025-09-14 08:48:18,034 [INFO] PluginManager:220 - loadIPPluginJar : add ucpd
2025-09-14 08:48:18,037 [INFO] IPUIPlugin:80 - create IPUIPlugin
2025-09-14 08:48:18,037 [INFO] PluginManager:220 - loadIPPluginJar : add sai
2025-09-14 08:48:18,040 [INFO] IPUIPlugin:80 - create IPUIPlugin
2025-09-14 08:48:18,040 [INFO] PluginManager:220 - loadIPPluginJar : add lorawan
2025-09-14 08:48:18,043 [INFO] IPUIPlugin:80 - create IPUIPlugin
2025-09-14 08:48:18,043 [INFO] PluginManager:220 - loadIPPluginJar : add usart
2025-09-14 08:48:18,046 [INFO] IPUIPlugin:80 - create IPUIPlugin
2025-09-14 08:48:18,046 [INFO] PluginManager:220 - loadIPPluginJar : add opamp
2025-09-14 08:48:18,048 [INFO] IPUIPlugin:80 - create IPUIPlugin
2025-09-14 08:48:18,048 [INFO] PluginManager:220 - loadIPPluginJar : add aes
2025-09-14 08:48:18,050 [INFO] IPUIPlugin:80 - create IPUIPlugin
2025-09-14 08:48:18,050 [INFO] PluginManager:220 - loadIPPluginJar : add hash
2025-09-14 08:48:18,051 [INFO] IPUIPlugin:80 - create IPUIPlugin
2025-09-14 08:48:18,051 [INFO] PluginManager:220 - loadIPPluginJar : add ltdc
2025-09-14 08:48:18,053 [INFO] IPUIPlugin:80 - create IPUIPlugin
2025-09-14 08:48:18,053 [INFO] PluginManager:220 - loadIPPluginJar : add ipddr
2025-09-14 08:48:18,057 [INFO] IPUIPlugin:80 - create IPUIPlugin
2025-09-14 08:48:18,057 [INFO] PluginManager:220 - loadIPPluginJar : add gpio
2025-09-14 08:48:18,060 [INFO] IPUIPlugin:80 - create IPUIPlugin
2025-09-14 08:48:18,060 [INFO] PluginManager:220 - loadIPPluginJar : add nvic
2025-09-14 08:48:18,064 [INFO] IPUIPlugin:80 - create IPUIPlugin
2025-09-14 08:48:18,064 [INFO] PluginManager:220 - loadIPPluginJar : add adc
2025-09-14 08:48:18,066 [INFO] IPUIPlugin:80 - create IPUIPlugin
2025-09-14 08:48:18,066 [INFO] PluginManager:220 - loadIPPluginJar : add extmemmanager
2025-09-14 08:48:18,068 [INFO] IPUIPlugin:80 - create IPUIPlugin
2025-09-14 08:48:18,068 [INFO] PluginManager:220 - loadIPPluginJar : add quadspi
2025-09-14 08:48:18,073 [INFO] IPUIPlugin:80 - create IPUIPlugin
2025-09-14 08:48:18,073 [INFO] PluginManager:220 - loadIPPluginJar : add linkedlist
2025-09-14 08:48:18,077 [INFO] IPUIPlugin:80 - create IPUIPlugin
2025-09-14 08:48:18,077 [INFO] PluginManager:220 - loadIPPluginJar : add stm32_wpan
2025-09-14 08:48:18,079 [INFO] IPUIPlugin:80 - create IPUIPlugin
2025-09-14 08:48:18,079 [INFO] PluginManager:220 - loadIPPluginJar : add tracer_emb
2025-09-14 08:48:18,081 [INFO] IPUIPlugin:80 - create IPUIPlugin
2025-09-14 08:48:18,081 [INFO] PluginManager:220 - loadIPPluginJar : add gfxmmu
2025-09-14 08:48:18,083 [INFO] IPUIPlugin:80 - create IPUIPlugin
2025-09-14 08:48:18,083 [INFO] PluginManager:220 - loadIPPluginJar : add usbx
2025-09-14 08:48:18,085 [INFO] IPUIPlugin:80 - create IPUIPlugin
2025-09-14 08:48:18,085 [INFO] PluginManager:220 - loadIPPluginJar : add touchsensing
2025-09-14 08:48:18,088 [INFO] IPUIPlugin:80 - create IPUIPlugin
2025-09-14 08:48:18,088 [INFO] PluginManager:220 - loadIPPluginJar : add fmc
2025-09-14 08:48:18,090 [INFO] IPUIPlugin:80 - create IPUIPlugin
2025-09-14 08:48:18,090 [INFO] PluginManager:220 - loadIPPluginJar : add genericplugin
2025-09-14 08:48:18,091 [INFO] IPUIPlugin:80 - create IPUIPlugin
2025-09-14 08:48:18,091 [INFO] PluginManager:220 - loadIPPluginJar : add fatfs
2025-09-14 08:48:18,093 [INFO] IPUIPlugin:80 - create IPUIPlugin
2025-09-14 08:48:18,093 [INFO] PluginManager:220 - loadIPPluginJar : add comp
2025-09-14 08:48:18,193 [FATAL] Updater:351 - Updater called before beeing initialized
2025-09-14 08:48:18,213 [INFO] RulesReader:64 - Compatibility file has been processed (317 Rules)
2025-09-14 08:48:18,222 [INFO] RulesReader:64 - Compatibility file has been processed (317 Rules)
2025-09-14 08:48:18,230 [INFO] CADModel:165 - CPN selected for project level
2025-09-14 08:48:18,230 [INFO] CADModel:114 - Register for checkConnection events
2025-09-14 08:48:18,230 [FATAL] Updater:351 - Updater called before beeing initialized
2025-09-14 08:48:18,230 [ERROR] CADModel:125 - Updater not yet initialized, retry later 
2025-09-14 08:48:18,323 [FATAL] Updater:351 - Updater called before beeing initialized
2025-09-14 08:48:18,325 [INFO] CADModel:165 - CPN selected for project level
2025-09-14 08:48:18,325 [INFO] CADModel:114 - Register for checkConnection events
2025-09-14 08:48:18,325 [FATAL] Updater:351 - Updater called before beeing initialized
2025-09-14 08:48:18,325 [ERROR] CADModel:125 - Updater not yet initialized, retry later 
2025-09-14 08:48:18,328 [FATAL] Updater:351 - Updater called before beeing initialized
2025-09-14 08:48:18,396 [FATAL] Updater:351 - Updater called before beeing initialized
2025-09-14 08:48:18,400 [INFO] DbMcusAds:53 - JSON generation date=Tue Jul 08 11:14:23 EEST 2025 (1751962463582)
2025-09-14 08:48:18,400 [FATAL] Updater:351 - Updater called before beeing initialized
2025-09-14 08:48:18,425 [WARN] DetailPanel:346 - Failed to get advertising image, set to default
2025-09-14 08:48:18,476 [FATAL] Updater:351 - Updater called before beeing initialized
2025-09-14 08:48:18,486 [FATAL] Updater:351 - Updater called before beeing initialized
2025-09-14 08:48:18,486 [FATAL] Updater:351 - Updater called before beeing initialized
2025-09-14 08:48:18,487 [WARN] DetailPanel:346 - Failed to get advertising image, set to default
2025-09-14 08:48:18,487 [FATAL] Updater:351 - Updater called before beeing initialized
2025-09-14 08:48:18,517 [ERROR] Updater:1198 - MainUpdater not yet initialized. External WinMGr cannot be set.
2025-09-14 08:48:18,519 [INFO] Updater:1134 - Updater Version found : 6.15.0
2025-09-14 08:48:18,533 [INFO] ApplicationProperties:184 - Using Application install path: /home/medved/st/stm32cubeide_1.19.0/plugins/com.st.stm32cube.common.mx_6.15.0.202507011659
2025-09-14 08:48:18,814 [INFO] MainUpdater:2872 - connection check result : 10
2025-09-14 08:48:18,815 [INFO] MainUpdater:289 - Updater Check For Update Now.
2025-09-14 08:48:18,815 [INFO] MicroXplorer:498 - Change Database Version : DB.6.0.150
2025-09-14 08:48:18,999 [INFO] CheckServerUpdateThread:120 - End of CheckServer Thread
2025-09-14 08:48:19,031 [INFO] MainUpdater:2872 - connection check result : 10
2025-09-14 08:48:19,032 [INFO] MainUpdater:2872 - connection check result : 10
2025-09-14 08:48:20,606 [WARN] PackLoader:240 - Cannot read IP mode file for STMicroelectronics.FP-SNS-MOTENVWB1.1.4.0
2025-09-14 08:48:20,612 [WARN] PackLoader:240 - Cannot read IP mode file for STMicroelectronics.FP-ATR-ASTRA1.2.0.2
2025-09-14 08:48:20,616 [WARN] PackLoader:240 - Cannot read IP mode file for STMicroelectronics.X-CUBE-SMBUS.2.1.0
2025-09-14 08:48:20,620 [WARN] PackLoader:240 - Cannot read IP mode file for STMicroelectronics.X-CUBE-ST60.1.0.0
2025-09-14 08:48:20,642 [WARN] PackLoader:240 - Cannot read IP mode file for STMicroelectronics.X-CUBE-AZRTOS-F7.1.1.0
2025-09-14 08:48:20,652 [WARN] PackLoader:240 - Cannot read IP mode file for WES.I-CUBE-Cesium.1.4.0
2025-09-14 08:48:20,671 [WARN] PackLoader:240 - Cannot read IP mode file for Infineon.AIROC-Wi-Fi-Bluetooth-STM32.1.7.1
2025-09-14 08:48:20,696 [WARN] PackLoader:240 - Cannot read IP mode file for STMicroelectronics.X-CUBE-AZRTOS-H7.3.4.0
2025-09-14 08:48:20,704 [WARN] PackLoader:240 - Cannot read IP mode file for STMicroelectronics.X-CUBE-DISPLAY.3.0.0
2025-09-14 08:48:20,715 [WARN] PackLoader:240 - Cannot read IP mode file for STMicroelectronics.X-CUBE-NFC10.1.0.0
2025-09-14 08:48:20,720 [WARN] PackLoader:240 - Cannot read IP mode file for emotas.I-CUBE-CANOPEN.1.3.0
2025-09-14 08:48:20,725 [WARN] PackLoader:240 - Cannot read IP mode file for STMicroelectronics.FP-SNS-STBOX1.2.1.0
2025-09-14 08:48:20,738 [WARN] PackLoader:240 - Cannot read IP mode file for STMicroelectronics.FP-SNS-SMARTAG2.1.2.0
2025-09-14 08:48:20,741 [WARN] PackLoader:240 - Cannot read IP mode file for STMicroelectronics.FP-SNS-FLIGHT1.5.1.0
2025-09-14 08:48:20,750 [INFO] LogOutputStream:77 - [STDOUT_REDIRECT] 1 : Invalid condition id : UX_CORESTACK_Condition cause : null
2025-09-14 08:48:20,751 [INFO] LogOutputStream:77 - [STDOUT_REDIRECT] 1 : Invalid condition id : UX_CORESTACK_Condition cause : null
2025-09-14 08:48:20,751 [INFO] LogOutputStream:77 - [STDOUT_REDIRECT] 1 : Invalid condition id : UX_CORESTACK_Condition cause : null
2025-09-14 08:48:20,751 [INFO] LogOutputStream:77 - [STDOUT_REDIRECT] 1 : Invalid condition id : UX_CORESTACK_Condition cause : null
2025-09-14 08:48:20,751 [INFO] LogOutputStream:77 - [STDOUT_REDIRECT] 1 : Invalid condition id : UX_CORESTACK_Condition cause : null
2025-09-14 08:48:20,754 [WARN] PackLoader:240 - Cannot read IP mode file for STMicroelectronics.X-CUBE-AZRTOS-WL.2.0.0
2025-09-14 08:48:20,759 [WARN] PackLoader:240 - Cannot read IP mode file for STMicroelectronics.FP-SNS-MOTENV1.5.0.0
2025-09-14 08:48:20,764 [WARN] PackLoader:240 - Cannot read IP mode file for STMicroelectronics.X-CUBE-BLE2.3.3.0
2025-09-14 08:48:20,769 [WARN] PackLoader:240 - Cannot read IP mode file for STMicroelectronics.X-CUBE-NFC9.1.0.0
2025-09-14 08:48:20,774 [WARN] PackLoader:240 - Cannot read IP mode file for STMicroelectronics.X-CUBE-BLE1.7.1.0
2025-09-14 08:48:20,777 [WARN] PackLoader:240 - Cannot read IP mode file for STMicroelectronics.X-CUBE-EEPRMA1.5.2.0
2025-09-14 08:48:20,790 [WARN] PackLoader:240 - Cannot read IP mode file for STMicroelectronics.X-CUBE-AZRTOS-G0.1.1.0
2025-09-14 08:48:20,796 [WARN] PackLoader:240 - Cannot read IP mode file for STMicroelectronics.X-CUBE-SAFEA1.1.2.2
2025-09-14 08:48:20,800 [WARN] PackLoader:240 - Cannot read IP mode file for STMicroelectronics.X-CUBE-NFC4.3.0.0
2025-09-14 08:48:20,806 [WARN] PackLoader:240 - Cannot read IP mode file for EmbeddedOffice.I-CUBE-FS-RTOS.1.0.1
2025-09-14 08:48:20,811 [WARN] PackLoader:240 - Cannot read IP mode file for STMicroelectronics.X-CUBE-WB05N.2.0.0
2025-09-14 08:48:20,815 [WARN] PackLoader:240 - Cannot read IP mode file for STMicroelectronics.X-CUBE-TCPP.4.2.0
2025-09-14 08:48:20,820 [WARN] PackLoader:240 - Cannot read IP mode file for RealThread.X-CUBE-RT-Thread_Nano.4.1.1
2025-09-14 08:48:20,823 [WARN] PackLoader:240 - Cannot read IP mode file for STMicroelectronics.FP-ATR-SIGFOX1.3.2.0
2025-09-14 08:48:20,827 [WARN] PackLoader:240 - Cannot read IP mode file for ITTIA_DB.I-CUBE-ITTIADB.8.9.0
2025-09-14 08:48:20,832 [WARN] PackLoader:240 - Cannot read IP mode file for STMicroelectronics.X-CUBE-ST67W61.1.0.0
2025-09-14 08:48:20,834 [WARN] PackLoader:240 - Cannot read IP mode file for STMicroelectronics.X-CUBE-AI.10.2.0
2025-09-14 08:48:20,854 [WARN] PackLoader:240 - Cannot read IP mode file for SEGGER.I-CUBE-embOS.1.3.1
2025-09-14 08:48:20,905 [WARN] PackLoader:240 - Cannot read IP mode file for STMicroelectronics.X-CUBE-ALGOBUILD.1.4.0
2025-09-14 08:48:20,942 [WARN] PackLoader:240 - Cannot read IP mode file for STMicroelectronics.X-CUBE-MEMS1.11.3.0
2025-09-14 08:48:21,101 [WARN] PackLoader:240 - Cannot read IP mode file for STMicroelectronics.X-CUBE-PM33A1.1.0.0
2025-09-14 08:48:21,112 [WARN] PackLoader:240 - Cannot read IP mode file for STMicroelectronics.X-CUBE-AZRTOS-F4.1.1.0
2025-09-14 08:48:21,116 [WARN] PackLoader:240 - Cannot read IP mode file for Avnet-IotConnect.X-CUBE-IoTC-DA16k-PMOD.1.0.0
2025-09-14 08:48:21,118 [WARN] PackLoader:240 - Cannot read IP mode file for STMicroelectronics.X-CUBE-ISPU.2.1.0
2025-09-14 08:48:21,123 [WARN] PackLoader:240 - Cannot read IP mode file for STMicroelectronics.X-CUBE-NFC12.1.0.0
2025-09-14 08:48:21,136 [WARN] PackLoader:240 - Cannot read IP mode file for STMicroelectronics.X-CUBE-AZRTOS-L5.2.0.0
2025-09-14 08:48:21,142 [WARN] PackLoader:240 - Cannot read IP mode file for STMicroelectronics.X-CUBE-NFC6.3.1.0
2025-09-14 08:48:21,148 [WARN] PackLoader:240 - Cannot read IP mode file for STMicroelectronics.X-CUBE-FREERTOS.1.3.1
2025-09-14 08:48:21,151 [WARN] PackLoader:240 - Cannot read IP mode file for STMicroelectronics.FP-SNS-STAIOTCFT.1.0.0
2025-09-14 08:48:21,154 [WARN] PackLoader:240 - Cannot read IP mode file for STMicroelectronics.X-CUBE-DPower.1.3.0
2025-09-14 08:48:21,166 [WARN] ConditionMgr:438 - getConditionDescription Invalid condition id : LAN8742 Phy interface Condition cause : null
2025-09-14 08:48:21,166 [WARN] PackLoader:240 - Cannot read IP mode file for STMicroelectronics.X-CUBE-AZRTOS-L4.2.0.0
2025-09-14 08:48:21,167 [WARN] ConditionMgr:1044 - genDependencies : Invalid condition id : LAN8742 Phy interface Condition cause : null
2025-09-14 08:48:21,168 [WARN] ConditionMgr:1044 - genDependencies : Invalid condition id : LAN8742 Phy interface Condition cause : null
2025-09-14 08:48:21,168 [WARN] ConditionMgr:1044 - genDependencies : Invalid condition id : LAN8742 Phy interface Condition cause : null
2025-09-14 08:48:21,173 [WARN] PackLoader:240 - Cannot read IP mode file for STMicroelectronics.X-CUBE-SFXS2LP1.4.0.0
2025-09-14 08:48:21,180 [WARN] PackLoader:240 - Cannot read IP mode file for STMicroelectronics.X-CUBE-BLEMGR.4.1.0
2025-09-14 08:48:21,191 [WARN] ConditionMgr:438 - getConditionDescription Invalid condition id : UX DEVICE CLASS RTOS Condition cause : null
2025-09-14 08:48:21,192 [WARN] ConditionMgr:438 - getConditionDescription Invalid condition id : UX DEVICE CLASS RTOS Condition cause : null
2025-09-14 08:48:21,193 [WARN] PackLoader:240 - Cannot read IP mode file for STMicroelectronics.X-CUBE-AZRTOS-WB.2.0.0
2025-09-14 08:48:21,194 [WARN] ConditionMgr:1044 - genDependencies : Invalid condition id : UX DEVICE CLASS RTOS Condition cause : null
2025-09-14 08:48:21,194 [WARN] ConditionMgr:1044 - genDependencies : Invalid condition id : UX DEVICE CLASS RTOS Condition cause : null
2025-09-14 08:48:21,194 [WARN] ConditionMgr:1044 - genDependencies : Invalid condition id : UX DEVICE CLASS RTOS Condition cause : null
2025-09-14 08:48:21,194 [WARN] ConditionMgr:1044 - genDependencies : Invalid condition id : UX DEVICE CLASS RTOS Condition cause : null
2025-09-14 08:48:21,195 [WARN] ConditionMgr:1044 - genDependencies : Invalid condition id : UX DEVICE CLASS RTOS Condition cause : null
2025-09-14 08:48:21,202 [WARN] PackLoader:240 - Cannot read IP mode file for STMicroelectronics.X-CUBE-GNSS1.7.0.1
2025-09-14 08:48:21,207 [WARN] PackLoader:240 - Cannot read IP mode file for STMicroelectronics.X-CUBE-TOUCHGFX.4.25.0
2025-09-14 08:48:21,209 [WARN] ConditionMgr:438 - getConditionDescription Invalid condition id : Cortex-A Device cause : null
2025-09-14 08:48:21,217 [WARN] ConditionMgr:1044 - genDependencies : Invalid condition id : Cortex-A Device cause : null
2025-09-14 08:48:21,217 [WARN] ConditionMgr:1044 - genDependencies : Invalid condition id : Cortex-A Device cause : null
2025-09-14 08:48:21,217 [WARN] ConditionMgr:1044 - genDependencies : Invalid condition id : Cortex-A Device cause : null
2025-09-14 08:48:21,224 [WARN] PackLoader:240 - Cannot read IP mode file for STMicroelectronics.X-CUBE-SUBG2.5.0.0
2025-09-14 08:48:21,256 [WARN] PackLoader:240 - Cannot read IP mode file for STMicroelectronics.X-CUBE-AZRTOS-H7RS.1.1.0
2025-09-14 08:48:21,261 [WARN] PackLoader:240 - Cannot read IP mode file for Cesanta.I-CUBE-Mongoose.7.13.0
2025-09-14 08:48:21,271 [WARN] PackLoader:240 - Cannot read IP mode file for STMicroelectronics.X-CUBE-AZRTOS-G4.2.0.0
2025-09-14 08:48:21,275 [WARN] PackLoader:240 - Cannot read IP mode file for STMicroelectronics.X-CUBE-NFC7.2.0.0
2025-09-14 08:48:21,284 [WARN] PackLoader:240 - Cannot read IP mode file for STMicroelectronics.X-CUBE-IPS.3.1.0
2025-09-14 08:48:21,296 [WARN] PackLoader:240 - Cannot read IP mode file for STMicroelectronics.X-CUBE-ALS.1.0.2
2025-09-14 08:48:21,300 [WARN] PackLoader:240 - Cannot read IP mode file for STMicroelectronics.X-CUBE-STSE01.1.0.0
2025-09-14 08:48:21,309 [WARN] PackLoader:240 - Cannot read IP mode file for STMicroelectronics.X-CUBE-TOF1.3.4.3
2025-09-14 08:48:21,325 [INFO] ThirdParty:978 - Integrity check success = true
2025-09-14 08:48:21,326 [INFO] IntegrityCheckThread:100 - exiting critical section [integrity check]
2025-09-14 08:48:21,326 [INFO] IntegrityCheckThread:103 - End integrity checks thread
