2025-03-06 13:57:30,355 [INFO] Activator:176 - 


2025-03-06 13:57:30,360 [INFO] Activator:177 - !SESSION log4j initialized
2025-03-06 13:57:33,866 [INFO] LogOutputStream:77 - [STDOUT_REDIRECT] 
2025-03-06 13:57:38,740 [INFO] ApplicationProperties:184 - Using Application install path: /home/medved/st/stm32cubeide_1.16.1/plugins/com.st.stm32cube.common.mx_6.12.1.202409122256
2025-03-06 13:57:38,749 [INFO] DbMcusXml:78 - Set database path to: /home/medved/st/stm32cubeide_1.16.1/plugins/com.st.stm32cube.common.mx_6.12.1.202409122256//db//mcu/
2025-03-06 13:57:38,749 [INFO] ApiDb:274 - Set plugin database path to: /home/medved/st/stm32cubeide_1.16.1/plugins/com.st.stm32cube.common.mx_6.12.1.202409122256//db//plugins/boardmanager/
2025-03-06 13:57:38,749 [WARN] ApiDb:259 - Overriding images path with different value:  => /home/medved/st/stm32cubeide_1.16.1/plugins/com.st.stm32cube.common.mx_6.12.1.202409122256//db//plugins/mcufinder/images/
2025-03-06 13:57:38,758 [INFO] ApiDb:250 - Set database path to: /home/medved/.stmcufinder/plugins/mcufinder//mcu/
2025-03-06 13:57:38,760 [INFO] DbMcusAds:125 - Set database path to: /home/medved/.stmcufinder/plugins/mcufinder//mcu/
2025-03-06 13:57:38,762 [INFO] CrossReferenceDbSqlite:203 - Set database path to: /home/medved/.stmcufinder/plugins/mcufinder//mcu/cs/
2025-03-06 13:57:38,823 [INFO] DbMcusXml:78 - Set database path to: /home/medved/st/stm32cubeide_1.16.1/plugins/com.st.stm32cube.common.mx_6.12.1.202409122256//db//mcu/
2025-03-06 13:57:38,823 [INFO] ApiDb:274 - Set plugin database path to: /home/medved/st/stm32cubeide_1.16.1/plugins/com.st.stm32cube.common.mx_6.12.1.202409122256//db//plugins/boardmanager/
2025-03-06 13:57:38,823 [INFO] ApiDb:261 - Set plugin images path to: /home/medved/st/stm32cubeide_1.16.1/plugins/com.st.stm32cube.common.mx_6.12.1.202409122256//db//plugins/mcufinder/images/
2025-03-06 13:57:38,823 [WARN] DbFile:41 - Overriding database path with different value: /home/medved/.stmcufinder/plugins/mcufinder/ => /home/medved/.stmcufinder/plugins/mcufinder
2025-03-06 13:57:38,823 [INFO] ApiDb:250 - Set database path to: /home/medved/.stmcufinder/plugins/mcufinder//mcu/
2025-03-06 13:57:38,823 [WARN] DbFile:41 - Overriding database path with different value: /home/medved/.stmcufinder/plugins/mcufinder/ => /home/medved/.stmcufinder/plugins/mcufinder
2025-03-06 13:57:38,823 [INFO] DbMcusAds:125 - Set database path to: /home/medved/.stmcufinder/plugins/mcufinder//mcu/
2025-03-06 13:57:38,824 [WARN] DbFile:41 - Overriding database path with different value: /home/medved/.stmcufinder/plugins/mcufinder/ => /home/medved/.stmcufinder/plugins/mcufinder
2025-03-06 13:57:38,824 [WARN] DbFile:41 - Overriding database path with different value: /home/medved/.stmcufinder/plugins/mcufinder/ => /home/medved/.stmcufinder/plugins/mcufinder
2025-03-06 13:57:38,824 [INFO] CrossReferenceDbSqlite:203 - Set database path to: /home/medved/.stmcufinder/plugins/mcufinder//mcu/cs/
2025-03-06 13:57:38,890 [INFO] MainPanel:268 - HeapMemory: 268435456
2025-03-06 13:57:39,044 [INFO] DbMcusXml:78 - Set database path to: /home/medved/st/stm32cubeide_1.16.1/plugins/com.st.stm32cube.common.mx_6.12.1.202409122256//db//mcu/
2025-03-06 13:57:39,045 [INFO] ApiDb:274 - Set plugin database path to: /home/medved/st/stm32cubeide_1.16.1/plugins/com.st.stm32cube.common.mx_6.12.1.202409122256//db//plugins/boardmanager/
2025-03-06 13:57:39,045 [INFO] ApiDb:261 - Set plugin images path to: /home/medved/st/stm32cubeide_1.16.1/plugins/com.st.stm32cube.common.mx_6.12.1.202409122256//db//plugins/mcufinder/images/
2025-03-06 13:57:39,045 [WARN] DbFile:41 - Overriding database path with different value: /home/medved/.stmcufinder/plugins/mcufinder/ => /home/medved/.stmcufinder/plugins/mcufinder
2025-03-06 13:57:39,045 [INFO] ApiDb:250 - Set database path to: /home/medved/.stmcufinder/plugins/mcufinder//mcu/
2025-03-06 13:57:39,045 [WARN] DbFile:41 - Overriding database path with different value: /home/medved/.stmcufinder/plugins/mcufinder/ => /home/medved/.stmcufinder/plugins/mcufinder
2025-03-06 13:57:39,045 [INFO] DbMcusAds:125 - Set database path to: /home/medved/.stmcufinder/plugins/mcufinder//mcu/
2025-03-06 13:57:39,045 [WARN] DbFile:41 - Overriding database path with different value: /home/medved/.stmcufinder/plugins/mcufinder/ => /home/medved/.stmcufinder/plugins/mcufinder
2025-03-06 13:57:39,045 [WARN] DbFile:41 - Overriding database path with different value: /home/medved/.stmcufinder/plugins/mcufinder/ => /home/medved/.stmcufinder/plugins/mcufinder
2025-03-06 13:57:39,045 [INFO] CrossReferenceDbSqlite:203 - Set database path to: /home/medved/.stmcufinder/plugins/mcufinder//mcu/cs/
2025-03-06 13:57:39,057 [INFO] ApplicationProperties:184 - Using Application install path: /home/medved/st/stm32cubeide_1.16.1/plugins/com.st.stm32cube.common.mx_6.12.1.202409122256
2025-03-06 13:57:39,059 [INFO] PluginManage:196 - Search for loadable plugins [exclusion list=, ]
2025-03-06 13:57:39,060 [INFO] PluginManage:310 - Check plugin analytics
2025-03-06 13:57:39,182 [INFO] AnalyticsPlugin:253 - Accepted Software Licenses: STM32CubeMX.6.12.1
2025-03-06 13:57:39,182 [INFO] AnalyticsPlugin:255 - Accepted CMSIS Pack Licenses: 
2025-03-06 13:57:39,182 [INFO] AnalyticsPlugin:257 - Accepted Firmware Licenses: FW.L4.1.18.0,FW.F4.1.27.0,FW.U5.1.6.0
2025-03-06 13:57:39,184 [INFO] PluginManage:359 - Loaded plugin analytics (category:tool,tabindex:-1)
2025-03-06 13:57:39,185 [INFO] PluginManage:310 - Check plugin cadmodel
2025-03-06 13:57:39,189 [INFO] CADModel:105 - Init CAD model plugin
2025-03-06 13:57:39,190 [INFO] PluginManage:359 - Loaded plugin cadmodel (category:power,tabindex:5)
2025-03-06 13:57:39,190 [INFO] PluginManage:310 - Check plugin clock
2025-03-06 13:57:39,200 [INFO] PluginManage:359 - Loaded plugin clock (category:base,tabindex:2)
2025-03-06 13:57:39,200 [INFO] PluginManage:310 - Check plugin ddr
2025-03-06 13:57:39,203 [INFO] PluginManage:359 - Loaded plugin ddr (category:tool,tabindex:6)
2025-03-06 13:57:39,203 [INFO] PluginManage:310 - Check plugin filemanager
2025-03-06 13:57:39,339 [INFO] PluginManage:359 - Loaded plugin filemanager (category:base,tabindex:10)
2025-03-06 13:57:39,339 [INFO] PluginManage:310 - Check plugin ipmanager
2025-03-06 13:57:39,344 [INFO] PluginManage:359 - Loaded plugin ipmanager (category:base,tabindex:5)
2025-03-06 13:57:39,344 [INFO] PluginManage:310 - Check plugin lpbam
2025-03-06 13:57:39,353 [INFO] PluginManage:359 - Loaded plugin lpbam (category:base,tabindex:0)
2025-03-06 13:57:39,353 [INFO] PluginManage:310 - Check plugin memorymap
2025-03-06 13:57:39,363 [INFO] PluginManage:359 - Loaded plugin memorymap (category:base,tabindex:4)
2025-03-06 13:57:39,364 [INFO] PluginManage:310 - Check plugin pinoutandconfiguration
2025-03-06 13:57:39,372 [INFO] PluginManage:359 - Loaded plugin pinoutandconfiguration (category:base,tabindex:1)
2025-03-06 13:57:39,373 [INFO] PluginManage:310 - Check plugin pinoutconfig
2025-03-06 13:57:39,458 [WARN] SupportedApi:132 - Cannot load RTOS API schema: s4s-elt-must-match.1: The content of 'definitions' must match (annotation?, (simpleType | complexType)?, (unique | key | keyref)*)). A problem was found starting at: attribute.
2025-03-06 13:57:39,584 [INFO] PluginManage:359 - Loaded plugin pinoutconfig (category:base,tabindex:0)
2025-03-06 13:57:39,584 [INFO] PluginManage:310 - Check plugin power
2025-03-06 13:57:39,591 [INFO] PluginManage:359 - Loaded plugin power (category:power,tabindex:4)
2025-03-06 13:57:39,592 [INFO] PluginManage:310 - Check plugin projectmanager
2025-03-06 13:57:39,605 [INFO] PluginManage:359 - Loaded plugin projectmanager (category:projectmanager,tabindex:4)
2025-03-06 13:57:39,605 [INFO] PluginManage:310 - Check plugin rif
2025-03-06 13:57:39,610 [INFO] PluginManage:359 - Loaded plugin rif (category:base,tabindex:3)
2025-03-06 13:57:39,610 [INFO] PluginManage:310 - Check plugin thirdparty
2025-03-06 13:57:39,720 [INFO] PluginManage:359 - Loaded plugin thirdparty (category:base,tabindex:-1)
2025-03-06 13:57:39,719 [WARN] IntegrityCheckThread:84 - waiting for thirdparty lock release [integrity check]
2025-03-06 13:57:39,720 [INFO] PluginManage:310 - Check plugin tools
2025-03-06 13:57:39,720 [INFO] IntegrityCheckThread:86 - entering critical section [integrity check]
2025-03-06 13:57:39,720 [INFO] ThirdPartyUpdaterWithRetryManager:70 - Updater plugin not ready yet. [1/15]
2025-03-06 13:57:39,722 [INFO] PluginManage:359 - Loaded plugin tools (category:base,tabindex:7)
2025-03-06 13:57:39,722 [INFO] PluginManage:310 - Check plugin tutovideos
2025-03-06 13:57:39,873 [INFO] PluginManage:359 - Loaded plugin tutovideos (category:base,tabindex:-1)
2025-03-06 13:57:39,874 [INFO] PluginManage:310 - Check plugin updater
2025-03-06 13:57:39,902 [INFO] PluginManage:359 - Loaded plugin updater (category:base,tabindex:12)
2025-03-06 13:57:39,902 [INFO] PluginManage:310 - Check plugin userauth
2025-03-06 13:57:39,907 [INFO] UserAuth:113 - Init User Auth plugin
2025-03-06 13:57:39,907 [INFO] PluginManage:359 - Loaded plugin userauth (category:base,tabindex:14)
2025-03-06 13:57:39,907 [INFO] PluginManage:283 - PluginManage : Loaded plugins [18]
2025-03-06 13:57:40,070 [INFO] PinOutPanel:1561 - setPackage(No Configuration,No Configuration)
2025-03-06 13:57:40,144 [INFO] CADModel:165 - CPN selected for project level
2025-03-06 13:57:40,144 [INFO] CADModel:114 - Register for checkConnection events
2025-03-06 13:57:40,159 [INFO] IPUIPlugin:80 - create IPUIPlugin
2025-03-06 13:57:40,160 [INFO] PluginManager:220 - loadIPPluginJar : add hash
2025-03-06 13:57:40,164 [INFO] IPUIPlugin:80 - create IPUIPlugin
2025-03-06 13:57:40,164 [INFO] PluginManager:220 - loadIPPluginJar : add ipddr
2025-03-06 13:57:40,166 [INFO] IPUIPlugin:80 - create IPUIPlugin
2025-03-06 13:57:40,167 [INFO] PluginManager:220 - loadIPPluginJar : add cryp
2025-03-06 13:57:40,170 [INFO] IPUIPlugin:80 - create IPUIPlugin
2025-03-06 13:57:40,170 [INFO] PluginManager:220 - loadIPPluginJar : add spi
2025-03-06 13:57:40,177 [INFO] IPUIPlugin:80 - create IPUIPlugin
2025-03-06 13:57:40,178 [WARN] WebAppUi:363 - Updater plugin not available.
2025-03-06 13:57:40,180 [INFO] PluginManager:220 - loadIPPluginJar : add plateformsettings
2025-03-06 13:57:40,183 [INFO] IPUIPlugin:80 - create IPUIPlugin
2025-03-06 13:57:40,183 [INFO] PluginManager:220 - loadIPPluginJar : add extmemmanager
2025-03-06 13:57:40,184 [INFO] IPUIPlugin:80 - create IPUIPlugin
2025-03-06 13:57:40,184 [INFO] PluginManager:220 - loadIPPluginJar : add quadspi
2025-03-06 13:57:40,187 [INFO] IPUIPlugin:80 - create IPUIPlugin
2025-03-06 13:57:40,187 [INFO] PluginManager:220 - loadIPPluginJar : add ddr_ctrl_phy
2025-03-06 13:57:40,189 [INFO] IPUIPlugin:80 - create IPUIPlugin
2025-03-06 13:57:40,189 [INFO] PluginManager:220 - loadIPPluginJar : add fatfs
2025-03-06 13:57:40,191 [INFO] IPUIPlugin:80 - create IPUIPlugin
2025-03-06 13:57:40,191 [INFO] PluginManager:220 - loadIPPluginJar : add dfsdm
2025-03-06 13:57:40,196 [INFO] IPUIPlugin:80 - create IPUIPlugin
2025-03-06 13:57:40,196 [INFO] PluginManager:220 - loadIPPluginJar : add gfxmmu
2025-03-06 13:57:40,199 [INFO] IPUIPlugin:80 - create IPUIPlugin
2025-03-06 13:57:40,200 [INFO] PluginManager:220 - loadIPPluginJar : add i3c
2025-03-06 13:57:40,202 [INFO] IPUIPlugin:80 - create IPUIPlugin
2025-03-06 13:57:40,202 [INFO] PluginManager:220 - loadIPPluginJar : add ltdc
2025-03-06 13:57:40,206 [INFO] IPUIPlugin:80 - create IPUIPlugin
2025-03-06 13:57:40,206 [INFO] PluginManager:220 - loadIPPluginJar : add usart
2025-03-06 13:57:40,209 [INFO] IPUIPlugin:80 - create IPUIPlugin
2025-03-06 13:57:40,210 [INFO] PluginManager:220 - loadIPPluginJar : add dma3
2025-03-06 13:57:40,214 [INFO] IPUIPlugin:80 - create IPUIPlugin
2025-03-06 13:57:40,215 [INFO] PluginManager:220 - loadIPPluginJar : add touchsensing
2025-03-06 13:57:40,216 [INFO] IPUIPlugin:80 - create IPUIPlugin
2025-03-06 13:57:40,217 [INFO] PluginManager:220 - loadIPPluginJar : add tim
2025-03-06 13:57:40,220 [INFO] IPUIPlugin:80 - create IPUIPlugin
2025-03-06 13:57:40,220 [INFO] PluginManager:220 - loadIPPluginJar : add can
2025-03-06 13:57:40,222 [INFO] IPUIPlugin:80 - create IPUIPlugin
2025-03-06 13:57:40,223 [INFO] PluginManager:220 - loadIPPluginJar : add lorawan
2025-03-06 13:57:40,229 [INFO] IPUIPlugin:80 - create IPUIPlugin
2025-03-06 13:57:40,229 [INFO] PluginManager:220 - loadIPPluginJar : add freertos
2025-03-06 13:57:40,231 [INFO] IPUIPlugin:80 - create IPUIPlugin
2025-03-06 13:57:40,232 [INFO] PluginManager:220 - loadIPPluginJar : add radio
2025-03-06 13:57:40,234 [INFO] IPUIPlugin:80 - create IPUIPlugin
2025-03-06 13:57:40,234 [INFO] PluginManager:220 - loadIPPluginJar : add genericplugin
2025-03-06 13:57:40,243 [INFO] IPUIPlugin:80 - create IPUIPlugin
2025-03-06 13:57:40,243 [INFO] PluginManager:220 - loadIPPluginJar : add mdma
2025-03-06 13:57:40,249 [INFO] IPUIPlugin:80 - create IPUIPlugin
2025-03-06 13:57:40,249 [INFO] PluginManager:220 - loadIPPluginJar : add resmgrutility
2025-03-06 13:57:40,252 [INFO] IPUIPlugin:80 - create IPUIPlugin
2025-03-06 13:57:40,252 [INFO] PluginManager:220 - loadIPPluginJar : add tsc
2025-03-06 13:57:40,254 [INFO] IPUIPlugin:80 - create IPUIPlugin
2025-03-06 13:57:40,254 [INFO] PluginManager:220 - loadIPPluginJar : add ucpd
2025-03-06 13:57:40,258 [INFO] IPUIPlugin:80 - create IPUIPlugin
2025-03-06 13:57:40,258 [INFO] PluginManager:220 - loadIPPluginJar : add usbx
2025-03-06 13:57:40,264 [INFO] IPUIPlugin:80 - create IPUIPlugin
2025-03-06 13:57:40,264 [INFO] PluginManager:220 - loadIPPluginJar : add gic
2025-03-06 13:57:40,269 [INFO] IPUIPlugin:80 - create IPUIPlugin
2025-03-06 13:57:40,269 [INFO] PluginManager:220 - loadIPPluginJar : add fmc
2025-03-06 13:57:40,273 [INFO] IPUIPlugin:80 - create IPUIPlugin
2025-03-06 13:57:40,273 [INFO] PluginManager:220 - loadIPPluginJar : add openamp
2025-03-06 13:57:40,282 [INFO] IPUIPlugin:80 - create IPUIPlugin
2025-03-06 13:57:40,282 [INFO] PluginManager:220 - loadIPPluginJar : add stm32_wpan
2025-03-06 13:57:40,286 [INFO] IPUIPlugin:80 - create IPUIPlugin
2025-03-06 13:57:40,286 [INFO] PluginManager:220 - loadIPPluginJar : add aes
2025-03-06 13:57:40,290 [INFO] IPUIPlugin:80 - create IPUIPlugin
2025-03-06 13:57:40,290 [INFO] PluginManager:220 - loadIPPluginJar : add i2c
2025-03-06 13:57:40,299 [INFO] IPUIPlugin:80 - create IPUIPlugin
2025-03-06 13:57:40,299 [INFO] PluginManager:220 - loadIPPluginJar : add dma
2025-03-06 13:57:40,302 [INFO] IPUIPlugin:80 - create IPUIPlugin
2025-03-06 13:57:40,302 [INFO] PluginManager:220 - loadIPPluginJar : add ts
2025-03-06 13:57:40,305 [INFO] IPUIPlugin:80 - create IPUIPlugin
2025-03-06 13:57:40,305 [INFO] PluginManager:220 - loadIPPluginJar : add pdm2pcm
2025-03-06 13:57:40,312 [INFO] IPUIPlugin:80 - create IPUIPlugin
2025-03-06 13:57:40,312 [INFO] PluginManager:220 - loadIPPluginJar : add gpio
2025-03-06 13:57:40,316 [INFO] IPUIPlugin:80 - create IPUIPlugin
2025-03-06 13:57:40,317 [INFO] PluginManager:220 - loadIPPluginJar : add gtzc
2025-03-06 13:57:40,326 [INFO] IPUIPlugin:80 - create IPUIPlugin
2025-03-06 13:57:40,326 [INFO] PluginManager:220 - loadIPPluginJar : add linkedlist
2025-03-06 13:57:40,331 [INFO] IPUIPlugin:80 - create IPUIPlugin
2025-03-06 13:57:40,331 [INFO] PluginManager:220 - loadIPPluginJar : add opamp
2025-03-06 13:57:40,336 [INFO] IPUIPlugin:80 - create IPUIPlugin
2025-03-06 13:57:40,336 [INFO] PluginManager:220 - loadIPPluginJar : add sai
2025-03-06 13:57:40,339 [INFO] IPUIPlugin:80 - create IPUIPlugin
2025-03-06 13:57:40,340 [INFO] PluginManager:220 - loadIPPluginJar : add tracer_emb
2025-03-06 13:57:40,343 [INFO] IPUIPlugin:80 - create IPUIPlugin
2025-03-06 13:57:40,343 [INFO] PluginManager:220 - loadIPPluginJar : add i2s
2025-03-06 13:57:40,350 [INFO] IPUIPlugin:80 - create IPUIPlugin
2025-03-06 13:57:40,351 [INFO] PluginManager:220 - loadIPPluginJar : add adc
2025-03-06 13:57:40,357 [INFO] IPUIPlugin:80 - create IPUIPlugin
2025-03-06 13:57:40,357 [INFO] PluginManager:220 - loadIPPluginJar : add nvic
2025-03-06 13:57:40,359 [INFO] IPUIPlugin:80 - create IPUIPlugin
2025-03-06 13:57:40,359 [INFO] PluginManager:220 - loadIPPluginJar : add comp
2025-03-06 13:57:40,470 [INFO] CADModel:165 - CPN selected for project level
2025-03-06 13:57:40,470 [INFO] CADModel:114 - Register for checkConnection events
2025-03-06 13:57:40,471 [FATAL] Updater:334 - Updater called before beeing initialized
2025-03-06 13:57:40,471 [ERROR] CADModel:125 - Updater not yet initialized, retry later 
2025-03-06 13:57:40,610 [INFO] CADModel:165 - CPN selected for project level
2025-03-06 13:57:40,610 [INFO] CADModel:114 - Register for checkConnection events
2025-03-06 13:57:40,610 [FATAL] Updater:334 - Updater called before beeing initialized
2025-03-06 13:57:40,610 [ERROR] CADModel:125 - Updater not yet initialized, retry later 
2025-03-06 13:57:40,615 [FATAL] Updater:334 - Updater called before beeing initialized
2025-03-06 13:57:40,699 [FATAL] Updater:334 - Updater called before beeing initialized
2025-03-06 13:57:40,704 [INFO] DbMcusAds:53 - JSON generation date=Tue Dec 17 18:01:15 EET 2024 (1734451275111)
2025-03-06 13:57:40,704 [FATAL] Updater:334 - Updater called before beeing initialized
2025-03-06 13:57:40,737 [WARN] DetailPanel:346 - Failed to get advertising image, set to default
2025-03-06 13:57:40,808 [FATAL] Updater:334 - Updater called before beeing initialized
2025-03-06 13:57:40,809 [FATAL] Updater:334 - Updater called before beeing initialized
2025-03-06 13:57:40,810 [FATAL] Updater:334 - Updater called before beeing initialized
2025-03-06 13:57:40,810 [WARN] DetailPanel:346 - Failed to get advertising image, set to default
2025-03-06 13:57:40,811 [FATAL] Updater:334 - Updater called before beeing initialized
