09:10:20 **** Incremental Build of configuration Debug for project F303RE ****
make -j16 all 
arm-none-eabi-gcc "../Core/Src/main.c" -mcpu=cortex-m4 -std=gnu11 -g3 -DDEBUG -DUSE_HAL_DRIVER -DSTM32F303xE -c -I../Core/Inc -I../Drivers/STM32F3xx_HAL_Driver/Inc/Legacy -I../Drivers/STM32F3xx_HAL_Driver/Inc -I../Drivers/CMSIS/Device/ST/STM32F3xx/Include -I../Drivers/CMSIS/Include -I../USB_DEVICE/App -I../USB_DEVICE/Target -I../Middlewares/ST/STM32_USB_Device_Library/Core/Inc -I../Middlewares/ST/STM32_USB_Device_Library/Class/CDC/Inc -O0 -ffunction-sections -fdata-sections -Wall -fstack-usage -fcyclomatic-complexity -MMD -MP -MF"Core/Src/main.d" -MT"Core/Src/main.o" --specs=nano.specs -mfpu=fpv4-sp-d16 -mfloat-abi=hard -mthumb -o "Core/Src/main.o"
../Core/Src/main.c: In function 'main':
../Core/Src/main.c:110:15: warning: implicit declaration of function 'CDC_Transmit_FS' [-Wimplicit-function-declaration]
  110 |           if (CDC_Transmit_FS((uint8_t*)"USB Connected\n", 14) == USBD_OK) {
      |               ^~~~~~~~~~~~~~~
arm-none-eabi-gcc -o "F303RE.elf" @"objects.list"   -mcpu=cortex-m4 -T"/home/medved/repos/Firmware/wheelbase/workspace-L476RG/F303RE/STM32F303RETX_FLASH.ld" --specs=nosys.specs -Wl,-Map="F303RE.map" -Wl,--gc-sections -static --specs=nano.specs -mfpu=fpv4-sp-d16 -mfloat-abi=hard -mthumb -Wl,--start-group -lc -lm -Wl,--end-group
Finished building target: F303RE.elf
 
arm-none-eabi-size  F303RE.elf 
arm-none-eabi-objdump -h -S F303RE.elf  > "F303RE.list"
   text	   data	    bss	    dec	    hex	filename
  49252	    472	   6912	  56636	   dd3c	F303RE.elf
Finished building: default.size.stdout
 
Finished building: F303RE.list
 
09:14:09 **** Incremental Build of configuration Debug for project F303RE ****
make -j16 all 
arm-none-eabi-size  F303RE.elf 
   text	   data	    bss	    dec	    hex	filename
  49252	    472	   6912	  56636	   dd3c	F303RE.elf
Finished building: default.size.stdout
 
09:14:23 **** Incremental Build of configuration Debug for project F303RE ****
make -j16 all 
arm-none-eabi-size  F303RE.elf 
   text	   data	    bss	    dec	    hex	filename
  49252	    472	   6912	  56636	   dd3c	F303RE.elf
Finished building: default.size.stdout
 
09:14:24 **** Incremental Build of configuration Debug for project F303RE ****
make -j16 all 
arm-none-eabi-size  F303RE.elf 
   text	   data	    bss	    dec	    hex	filename
  49252	    472	   6912	  56636	   dd3c	F303RE.elf
Finished building: default.size.stdout
 
11:14:37 **** Incremental Build of configuration Debug for project F303RE ****
make -j16 all 
arm-none-eabi-size  F303RE.elf 
   text	   data	    bss	    dec	    hex	filename
  49252	    472	   6912	  56636	   dd3c	F303RE.elf
Finished building: default.size.stdout
 
